# JRE version: OpenJDK Runtime Environment Temurin-21.0.9+10 (21.0.9+10) (build 21.0.9+10-LTS)
# Java VM: OpenJDK 64-Bit Server VM Temurin-21.0.9+10 (21.0.9+10-LTS, mixed mode, sharing, tiered, compressed oops, compressed class ptrs, parallel gc, windows-amd64)
GC Precious Log:
 CardTable entry size: 512
 CPUs: 8 total, 8 available
 Memory: 7044M
 Large Page Support: Disabled
 NUMA Support: Disabled
 Compressed Oops: Enabled (32-bit)
 Alignments: Space 512K, Generation 512K, Heap 2M
 Heap Min Capacity: 100M
 Heap Initial Capacity: 100M
 Heap Max Capacity: 2G
 Pre-touch: Disabled
 Parallel Workers: 8
Heap:
 PSYoungGen      total 11264K, used 6867K [0x00000000d5580000, 0x00000000d6e00000, 0x0000000100000000)
  eden space 9728K, 54% used [0x00000000d5580000,0x00000000d5ab5568,0x00000000d5f00000)
  from space 1536K, 99% used [0x00000000d6480000,0x00000000d65ff958,0x00000000d6600000)
  to   space 5632K, 0% used [0x00000000d5f00000,0x00000000d5f00000,0x00000000d6480000)
 ParOldGen       total 68608K, used 60493K [0x0000000080000000, 0x0000000084300000, 0x00000000d5580000)
  object space 68608K, 88% used [0x0000000080000000,0x0000000083b13720,0x0000000084300000)
 Metaspace       used 57216K, committed 58560K, reserved 1114112K
  class space    used 6642K, committed 7232K, reserved 1048576K
GC Heap History (20 events):
Event: 158.261 GC heap before
{Heap before GC invocations=35 (full 2):
 PSYoungGen      total 16384K, used 16259K [0x00000000d5580000, 0x00000000d6880000, 0x0000000100000000)
  eden space 15872K, 100% used [0x00000000d5580000,0x00000000d6500000,0x00000000d6500000)
  from space 512K, 75% used [0x00000000d6800000,0x00000000d6860e90,0x00000000d6880000)
  to   space 512K, 0% used [0x00000000d6780000,0x00000000d6780000,0x00000000d6800000)
 ParOldGen       total 68608K, used 45044K [0x0000000080000000, 0x0000000084300000, 0x00000000d5580000)
  object space 68608K, 65% used [0x0000000080000000,0x0000000082bfd2d0,0x0000000084300000)
 Metaspace       used 55995K, committed 57344K, reserved 1114112K
  class space    used 6506K, committed 7104K, reserved 1048576K
}
Event: 158.265 GC heap after
{Heap after GC invocations=35 (full 2):
 PSYoungGen      total 16384K, used 496K [0x00000000d5580000, 0x00000000d6880000, 0x0000000100000000)
  eden space 15872K, 0% used [0x00000000d5580000,0x00000000d5580000,0x00000000d6500000)
  from space 512K, 96% used [0x00000000d6780000,0x00000000d67fc030,0x00000000d6800000)
  to   space 512K, 0% used [0x00000000d6800000,0x00000000d6800000,0x00000000d6880000)
 ParOldGen       total 68608K, used 45730K [0x0000000080000000, 0x0000000084300000, 0x00000000d5580000)
  object space 68608K, 66% used [0x0000000080000000,0x0000000082ca8928,0x0000000084300000)
 Metaspace       used 55995K, committed 57344K, reserved 1114112K
  class space    used 6506K, committed 7104K, reserved 1048576K
}
Event: 158.580 GC heap before
{Heap before GC invocations=36 (full 2):
 PSYoungGen      total 16384K, used 16368K [0x00000000d5580000, 0x00000000d6880000, 0x0000000100000000)
  eden space 15872K, 100% used [0x00000000d5580000,0x00000000d6500000,0x00000000d6500000)
  from space 512K, 96% used [0x00000000d6780000,0x00000000d67fc030,0x00000000d6800000)
  to   space 512K, 0% used [0x00000000d6800000,0x00000000d6800000,0x00000000d6880000)
 ParOldGen       total 68608K, used 45730K [0x0000000080000000, 0x0000000084300000, 0x00000000d5580000)
  object space 68608K, 66% used [0x0000000080000000,0x0000000082ca8928,0x0000000084300000)
 Metaspace       used 55999K, committed 57344K, reserved 1114112K
  class space    used 6506K, committed 7104K, reserved 1048576K
}
Event: 158.584 GC heap after
{Heap after GC invocations=36 (full 2):
 PSYoungGen      total 16384K, used 480K [0x00000000d5580000, 0x00000000d6a00000, 0x0000000100000000)
  eden space 15872K, 0% used [0x00000000d5580000,0x00000000d5580000,0x00000000d6500000)
  from space 512K, 93% used [0x00000000d6800000,0x00000000d6878010,0x00000000d6880000)
  to   space 2560K, 0% used [0x00000000d6500000,0x00000000d6500000,0x00000000d6780000)
 ParOldGen       total 68608K, used 47455K [0x0000000080000000, 0x0000000084300000, 0x00000000d5580000)
  object space 68608K, 69% used [0x0000000080000000,0x0000000082e57cb0,0x0000000084300000)
 Metaspace       used 55999K, committed 57344K, reserved 1114112K
  class space    used 6506K, committed 7104K, reserved 1048576K
}
Event: 159.099 GC heap before
{Heap before GC invocations=37 (full 2):
 PSYoungGen      total 16384K, used 16352K [0x00000000d5580000, 0x00000000d6a00000, 0x0000000100000000)
  eden space 15872K, 100% used [0x00000000d5580000,0x00000000d6500000,0x00000000d6500000)
  from space 512K, 93% used [0x00000000d6800000,0x00000000d6878010,0x00000000d6880000)
  to   space 2560K, 0% used [0x00000000d6500000,0x00000000d6500000,0x00000000d6780000)
 ParOldGen       total 68608K, used 47455K [0x0000000080000000, 0x0000000084300000, 0x00000000d5580000)
  object space 68608K, 69% used [0x0000000080000000,0x0000000082e57cb0,0x0000000084300000)
 Metaspace       used 56400K, committed 57728K, reserved 1114112K
  class space    used 6565K, committed 7168K, reserved 1048576K
}
Event: 159.111 GC heap after
{Heap after GC invocations=37 (full 2):
 PSYoungGen      total 17920K, used 1905K [0x00000000d5580000, 0x00000000d6900000, 0x0000000100000000)
  eden space 15872K, 0% used [0x00000000d5580000,0x00000000d5580000,0x00000000d6500000)
  from space 2048K, 93% used [0x00000000d6500000,0x00000000d66dc410,0x00000000d6700000)
  to   space 2048K, 0% used [0x00000000d6700000,0x00000000d6700000,0x00000000d6900000)
 ParOldGen       total 68608K, used 47975K [0x0000000080000000, 0x0000000084300000, 0x00000000d5580000)
  object space 68608K, 69% used [0x0000000080000000,0x0000000082ed9cc0,0x0000000084300000)
 Metaspace       used 56400K, committed 57728K, reserved 1114112K
  class space    used 6565K, committed 7168K, reserved 1048576K
}
Event: 160.167 GC heap before
{Heap before GC invocations=38 (full 2):
 PSYoungGen      total 17920K, used 17777K [0x00000000d5580000, 0x00000000d6900000, 0x0000000100000000)
  eden space 15872K, 100% used [0x00000000d5580000,0x00000000d6500000,0x00000000d6500000)
  from space 2048K, 93% used [0x00000000d6500000,0x00000000d66dc410,0x00000000d6700000)
  to   space 2048K, 0% used [0x00000000d6700000,0x00000000d6700000,0x00000000d6900000)
 ParOldGen       total 68608K, used 47975K [0x0000000080000000, 0x0000000084300000, 0x00000000d5580000)
  object space 68608K, 69% used [0x0000000080000000,0x0000000082ed9cc0,0x0000000084300000)
 Metaspace       used 56439K, committed 57792K, reserved 1114112K
  class space    used 6565K, committed 7168K, reserved 1048576K
}
Event: 160.176 GC heap after
{Heap after GC invocations=38 (full 2):
 PSYoungGen      total 15872K, used 2018K [0x00000000d5580000, 0x00000000d6d00000, 0x0000000100000000)
  eden space 13824K, 0% used [0x00000000d5580000,0x00000000d5580000,0x00000000d6300000)
  from space 2048K, 98% used [0x00000000d6700000,0x00000000d68f8810,0x00000000d6900000)
  to   space 4096K, 0% used [0x00000000d6300000,0x00000000d6300000,0x00000000d6700000)
 ParOldGen       total 68608K, used 49730K [0x0000000080000000, 0x0000000084300000, 0x00000000d5580000)
  object space 68608K, 72% used [0x0000000080000000,0x00000000830909a0,0x0000000084300000)
 Metaspace       used 56439K, committed 57792K, reserved 1114112K
  class space    used 6565K, committed 7168K, reserved 1048576K
}
Event: 160.666 GC heap before
{Heap before GC invocations=39 (full 2):
 PSYoungGen      total 15872K, used 15798K [0x00000000d5580000, 0x00000000d6d00000, 0x0000000100000000)
  eden space 13824K, 99% used [0x00000000d5580000,0x00000000d62f5388,0x00000000d6300000)
  from space 2048K, 98% used [0x00000000d6700000,0x00000000d68f8810,0x00000000d6900000)
  to   space 4096K, 0% used [0x00000000d6300000,0x00000000d6300000,0x00000000d6700000)
 ParOldGen       total 68608K, used 49730K [0x0000000080000000, 0x0000000084300000, 0x00000000d5580000)
  object space 68608K, 72% used [0x0000000080000000,0x00000000830909a0,0x0000000084300000)
 Metaspace       used 56474K, committed 57856K, reserved 1114112K
  class space    used 6566K, committed 7168K, reserved 1048576K
}
Event: 160.673 GC heap after
{Heap after GC invocations=39 (full 2):
 PSYoungGen      total 15360K, used 1408K [0x00000000d5580000, 0x00000000d6800000, 0x0000000100000000)
  eden space 13824K, 0% used [0x00000000d5580000,0x00000000d5580000,0x00000000d6300000)
  from space 1536K, 91% used [0x00000000d6300000,0x00000000d6460000,0x00000000d6480000)
  to   space 2560K, 0% used [0x00000000d6580000,0x00000000d6580000,0x00000000d6800000)
 ParOldGen       total 68608K, used 51626K [0x0000000080000000, 0x0000000084300000, 0x00000000d5580000)
  object space 68608K, 75% used [0x0000000080000000,0x000000008326ab60,0x0000000084300000)
 Metaspace       used 56474K, committed 57856K, reserved 1114112K
  class space    used 6566K, committed 7168K, reserved 1048576K
}
Event: 161.156 GC heap before
{Heap before GC invocations=40 (full 2):
 PSYoungGen      total 15360K, used 15232K [0x00000000d5580000, 0x00000000d6800000, 0x0000000100000000)
  eden space 13824K, 100% used [0x00000000d5580000,0x00000000d6300000,0x00000000d6300000)
  from space 1536K, 91% used [0x00000000d6300000,0x00000000d6460000,0x00000000d6480000)
  to   space 2560K, 0% used [0x00000000d6580000,0x00000000d6580000,0x00000000d6800000)
 ParOldGen       total 68608K, used 51626K [0x0000000080000000, 0x0000000084300000, 0x00000000d5580000)
  object space 68608K, 75% used [0x0000000080000000,0x000000008326ab60,0x0000000084300000)
 Metaspace       used 56477K, committed 57856K, reserved 1114112K
  class space    used 6566K, committed 7168K, reserved 1048576K
}
Event: 161.163 GC heap after
{Heap after GC invocations=40 (full 2):
 PSYoungGen      total 15872K, used 1668K [0x00000000d5580000, 0x00000000d6780000, 0x0000000100000000)
  eden space 13824K, 0% used [0x00000000d5580000,0x00000000d5580000,0x00000000d6300000)
  from space 2048K, 81% used [0x00000000d6580000,0x00000000d6721000,0x00000000d6780000)
  to   space 2048K, 0% used [0x00000000d6380000,0x00000000d6380000,0x00000000d6580000)
 ParOldGen       total 68608K, used 52855K [0x0000000080000000, 0x0000000084300000, 0x00000000d5580000)
  object space 68608K, 77% used [0x0000000080000000,0x000000008339dc60,0x0000000084300000)
 Metaspace       used 56477K, committed 57856K, reserved 1114112K
  class space    used 6566K, committed 7168K, reserved 1048576K
}
Event: 161.840 GC heap before
{Heap before GC invocations=41 (full 2):
 PSYoungGen      total 15872K, used 15492K [0x00000000d5580000, 0x00000000d6780000, 0x0000000100000000)
  eden space 13824K, 100% used [0x00000000d5580000,0x00000000d6300000,0x00000000d6300000)
  from space 2048K, 81% used [0x00000000d6580000,0x00000000d6721000,0x00000000d6780000)
  to   space 2048K, 0% used [0x00000000d6380000,0x00000000d6380000,0x00000000d6580000)
 ParOldGen       total 68608K, used 52855K [0x0000000080000000, 0x0000000084300000, 0x00000000d5580000)
  object space 68608K, 77% used [0x0000000080000000,0x000000008339dc60,0x0000000084300000)
 Metaspace       used 56490K, committed 57856K, reserved 1114112K
  class space    used 6567K, committed 7168K, reserved 1048576K
}
Event: 161.849 GC heap after
{Heap after GC invocations=41 (full 2):
 PSYoungGen      total 15872K, used 1728K [0x00000000d5580000, 0x00000000d6700000, 0x0000000100000000)
  eden space 13824K, 0% used [0x00000000d5580000,0x00000000d5580000,0x00000000d6300000)
  from space 2048K, 84% used [0x00000000d6380000,0x00000000d6530010,0x00000000d6580000)
  to   space 1536K, 0% used [0x00000000d6580000,0x00000000d6580000,0x00000000d6700000)
 ParOldGen       total 68608K, used 54408K [0x0000000080000000, 0x0000000084300000, 0x00000000d5580000)
  object space 68608K, 79% used [0x0000000080000000,0x0000000083522188,0x0000000084300000)
 Metaspace       used 56490K, committed 57856K, reserved 1114112K
  class space    used 6567K, committed 7168K, reserved 1048576K
}
Event: 162.768 GC heap before
{Heap before GC invocations=42 (full 2):
 PSYoungGen      total 15872K, used 15552K [0x00000000d5580000, 0x00000000d6700000, 0x0000000100000000)
  eden space 13824K, 100% used [0x00000000d5580000,0x00000000d6300000,0x00000000d6300000)
  from space 2048K, 84% used [0x00000000d6380000,0x00000000d6530010,0x00000000d6580000)
  to   space 1536K, 0% used [0x00000000d6580000,0x00000000d6580000,0x00000000d6700000)
 ParOldGen       total 68608K, used 54408K [0x0000000080000000, 0x0000000084300000, 0x00000000d5580000)
  object space 68608K, 79% used [0x0000000080000000,0x0000000083522188,0x0000000084300000)
 Metaspace       used 56509K, committed 57856K, reserved 1114112K
  class space    used 6567K, committed 7168K, reserved 1048576K
}
Event: 162.776 GC heap after
{Heap after GC invocations=42 (full 2):
 PSYoungGen      total 15360K, used 1472K [0x00000000d5580000, 0x00000000d6700000, 0x0000000100000000)
  eden space 13824K, 0% used [0x00000000d5580000,0x00000000d5580000,0x00000000d6300000)
  from space 1536K, 95% used [0x00000000d6580000,0x00000000d66f0000,0x00000000d6700000)
  to   space 2048K, 0% used [0x00000000d6300000,0x00000000d6300000,0x00000000d6500000)
 ParOldGen       total 68608K, used 56024K [0x0000000080000000, 0x0000000084300000, 0x00000000d5580000)
  object space 68608K, 81% used [0x0000000080000000,0x00000000836b6198,0x0000000084300000)
 Metaspace       used 56509K, committed 57856K, reserved 1114112K
  class space    used 6567K, committed 7168K, reserved 1048576K
}
Event: 164.073 GC heap before
{Heap before GC invocations=43 (full 2):
 PSYoungGen      total 15360K, used 15296K [0x00000000d5580000, 0x00000000d6700000, 0x0000000100000000)
  eden space 13824K, 100% used [0x00000000d5580000,0x00000000d6300000,0x00000000d6300000)
  from space 1536K, 95% used [0x00000000d6580000,0x00000000d66f0000,0x00000000d6700000)
  to   space 2048K, 0% used [0x00000000d6300000,0x00000000d6300000,0x00000000d6500000)
 ParOldGen       total 68608K, used 56024K [0x0000000080000000, 0x0000000084300000, 0x00000000d5580000)
  object space 68608K, 81% used [0x0000000080000000,0x00000000836b6198,0x0000000084300000)
 Metaspace       used 56669K, committed 57984K, reserved 1114112K
  class space    used 6582K, committed 7168K, reserved 1048576K
}
Event: 164.082 GC heap after
{Heap after GC invocations=43 (full 2):
 PSYoungGen      total 15360K, used 1344K [0x00000000d5580000, 0x00000000d6600000, 0x0000000100000000)
  eden space 13824K, 0% used [0x00000000d5580000,0x00000000d5580000,0x00000000d6300000)
  from space 1536K, 87% used [0x00000000d6300000,0x00000000d6450000,0x00000000d6480000)
  to   space 1536K, 0% used [0x00000000d6480000,0x00000000d6480000,0x00000000d6600000)
 ParOldGen       total 68608K, used 57408K [0x0000000080000000, 0x0000000084300000, 0x00000000d5580000)
  object space 68608K, 83% used [0x0000000080000000,0x0000000083810398,0x0000000084300000)
 Metaspace       used 56669K, committed 57984K, reserved 1114112K
  class space    used 6582K, committed 7168K, reserved 1048576K
}
Event: 165.133 GC heap before
{Heap before GC invocations=44 (full 2):
 PSYoungGen      total 15360K, used 15167K [0x00000000d5580000, 0x00000000d6600000, 0x0000000100000000)
  eden space 13824K, 99% used [0x00000000d5580000,0x00000000d62ffff0,0x00000000d6300000)
  from space 1536K, 87% used [0x00000000d6300000,0x00000000d6450000,0x00000000d6480000)
  to   space 1536K, 0% used [0x00000000d6480000,0x00000000d6480000,0x00000000d6600000)
 ParOldGen       total 68608K, used 57408K [0x0000000080000000, 0x0000000084300000, 0x00000000d5580000)
  object space 68608K, 83% used [0x0000000080000000,0x0000000083810398,0x0000000084300000)
 Metaspace       used 56922K, committed 58240K, reserved 1114112K
  class space    used 6610K, committed 7168K, reserved 1048576K
}
Event: 165.143 GC heap after
{Heap after GC invocations=44 (full 2):
 PSYoungGen      total 11264K, used 1534K [0x00000000d5580000, 0x00000000d6e00000, 0x0000000100000000)
  eden space 9728K, 0% used [0x00000000d5580000,0x00000000d5580000,0x00000000d5f00000)
  from space 1536K, 99% used [0x00000000d6480000,0x00000000d65ff958,0x00000000d6600000)
  to   space 5632K, 0% used [0x00000000d5f00000,0x00000000d5f00000,0x00000000d6480000)
 ParOldGen       total 68608K, used 60493K [0x0000000080000000, 0x0000000084300000, 0x00000000d5580000)
  object space 68608K, 88% used [0x0000000080000000,0x0000000083b13720,0x0000000084300000)
 Metaspace       used 56922K, committed 58240K, reserved 1114112K
  class space    used 6610K, committed 7168K, reserved 1048576K
}

