# JRE version: OpenJDK Runtime Environment Temurin-21.0.9+10 (21.0.9+10) (build 21.0.9+10-LTS)
# Java VM: OpenJDK 64-Bit Server VM Temurin-21.0.9+10 (21.0.9+10-LTS, mixed mode, sharing, tiered, compressed oops, compressed class ptrs, parallel gc, windows-amd64)
GC Precious Log:
 CardTable entry size: 512
 CPUs: 8 total, 8 available
 Memory: 7044M
 Large Page Support: Disabled
 NUMA Support: Disabled
 Compressed Oops: Enabled (32-bit)
 Alignments: Space 512K, Generation 512K, Heap 2M
 Heap Min Capacity: 100M
 Heap Initial Capacity: 100M
 Heap Max Capacity: 2G
 Pre-touch: Disabled
 Parallel Workers: 8
Heap:
 PSYoungGen      total 12288K, used 6904K [0x00000000d5580000, 0x00000000d6b00000, 0x0000000100000000)
  eden space 8704K, 38% used [0x00000000d5580000,0x00000000d58bf0f0,0x00000000d5e00000)
  from space 3584K, 99% used [0x00000000d6380000,0x00000000d66ff210,0x00000000d6700000)
  to   space 5632K, 0% used [0x00000000d5e00000,0x00000000d5e00000,0x00000000d6380000)
 ParOldGen       total 68608K, used 64589K [0x0000000080000000, 0x0000000084300000, 0x00000000d5580000)
  object space 68608K, 94% used [0x0000000080000000,0x0000000083f136e8,0x0000000084300000)
 Metaspace       used 67060K, committed 68352K, reserved 1114112K
  class space    used 8346K, committed 8832K, reserved 1048576K
GC Heap History (20 events):
Event: 22996.466 GC heap before
{Heap before GC invocations=84 (full 3):
 PSYoungGen      total 11264K, used 11174K [0x00000000d5580000, 0x00000000d6200000, 0x0000000100000000)
  eden space 10752K, 100% used [0x00000000d5580000,0x00000000d6000000,0x00000000d6000000)
  from space 512K, 82% used [0x00000000d6180000,0x00000000d61e9a10,0x00000000d6200000)
  to   space 1024K, 0% used [0x00000000d6000000,0x00000000d6000000,0x00000000d6100000)
 ParOldGen       total 68608K, used 59348K [0x0000000080000000, 0x0000000084300000, 0x00000000d5580000)
  object space 68608K, 86% used [0x0000000080000000,0x00000000839f5058,0x0000000084300000)
 Metaspace       used 63959K, committed 65088K, reserved 1114112K
  class space    used 7860K, committed 8320K, reserved 1048576K
}
Event: 22996.467 GC heap after
{Heap after GC invocations=84 (full 3):
 PSYoungGen      total 11776K, used 1022K [0x00000000d5580000, 0x00000000d6300000, 0x0000000100000000)
  eden space 10752K, 0% used [0x00000000d5580000,0x00000000d5580000,0x00000000d6000000)
  from space 1024K, 99% used [0x00000000d6000000,0x00000000d60ff838,0x00000000d6100000)
  to   space 1536K, 0% used [0x00000000d6180000,0x00000000d6180000,0x00000000d6300000)
 ParOldGen       total 68608K, used 59612K [0x0000000080000000, 0x0000000084300000, 0x00000000d5580000)
  object space 68608K, 86% used [0x0000000080000000,0x0000000083a37298,0x0000000084300000)
 Metaspace       used 63959K, committed 65088K, reserved 1114112K
  class space    used 7860K, committed 8320K, reserved 1048576K
}
Event: 22996.726 GC heap before
{Heap before GC invocations=85 (full 3):
 PSYoungGen      total 11776K, used 11774K [0x00000000d5580000, 0x00000000d6300000, 0x0000000100000000)
  eden space 10752K, 100% used [0x00000000d5580000,0x00000000d6000000,0x00000000d6000000)
  from space 1024K, 99% used [0x00000000d6000000,0x00000000d60ff838,0x00000000d6100000)
  to   space 1536K, 0% used [0x00000000d6180000,0x00000000d6180000,0x00000000d6300000)
 ParOldGen       total 68608K, used 59612K [0x0000000080000000, 0x0000000084300000, 0x00000000d5580000)
  object space 68608K, 86% used [0x0000000080000000,0x0000000083a37298,0x0000000084300000)
 Metaspace       used 63959K, committed 65088K, reserved 1114112K
  class space    used 7860K, committed 8320K, reserved 1048576K
}
Event: 22996.727 GC heap after
{Heap after GC invocations=85 (full 3):
 PSYoungGen      total 11264K, used 309K [0x00000000d5580000, 0x00000000d6200000, 0x0000000100000000)
  eden space 10752K, 0% used [0x00000000d5580000,0x00000000d5580000,0x00000000d6000000)
  from space 512K, 60% used [0x00000000d6180000,0x00000000d61cd4b8,0x00000000d6200000)
  to   space 1024K, 0% used [0x00000000d6000000,0x00000000d6000000,0x00000000d6100000)
 ParOldGen       total 68608K, used 59668K [0x0000000080000000, 0x0000000084300000, 0x00000000d5580000)
  object space 68608K, 86% used [0x0000000080000000,0x0000000083a45298,0x0000000084300000)
 Metaspace       used 63959K, committed 65088K, reserved 1114112K
  class space    used 7860K, committed 8320K, reserved 1048576K
}
Event: 22996.886 GC heap before
{Heap before GC invocations=86 (full 3):
 PSYoungGen      total 11264K, used 11061K [0x00000000d5580000, 0x00000000d6200000, 0x0000000100000000)
  eden space 10752K, 100% used [0x00000000d5580000,0x00000000d6000000,0x00000000d6000000)
  from space 512K, 60% used [0x00000000d6180000,0x00000000d61cd4b8,0x00000000d6200000)
  to   space 1024K, 0% used [0x00000000d6000000,0x00000000d6000000,0x00000000d6100000)
 ParOldGen       total 68608K, used 59668K [0x0000000080000000, 0x0000000084300000, 0x00000000d5580000)
  object space 68608K, 86% used [0x0000000080000000,0x0000000083a45298,0x0000000084300000)
 Metaspace       used 63959K, committed 65088K, reserved 1114112K
  class space    used 7860K, committed 8320K, reserved 1048576K
}
Event: 22996.887 GC heap after
{Heap after GC invocations=86 (full 3):
 PSYoungGen      total 11776K, used 1023K [0x00000000d5580000, 0x00000000d6300000, 0x0000000100000000)
  eden space 10752K, 0% used [0x00000000d5580000,0x00000000d5580000,0x00000000d6000000)
  from space 1024K, 99% used [0x00000000d6000000,0x00000000d60fff48,0x00000000d6100000)
  to   space 1536K, 0% used [0x00000000d6180000,0x00000000d6180000,0x00000000d6300000)
 ParOldGen       total 68608K, used 59908K [0x0000000080000000, 0x0000000084300000, 0x00000000d5580000)
  object space 68608K, 87% used [0x0000000080000000,0x0000000083a810a0,0x0000000084300000)
 Metaspace       used 63959K, committed 65088K, reserved 1114112K
  class space    used 7860K, committed 8320K, reserved 1048576K
}
Event: 22997.073 GC heap before
{Heap before GC invocations=87 (full 3):
 PSYoungGen      total 11776K, used 11775K [0x00000000d5580000, 0x00000000d6300000, 0x0000000100000000)
  eden space 10752K, 100% used [0x00000000d5580000,0x00000000d6000000,0x00000000d6000000)
  from space 1024K, 99% used [0x00000000d6000000,0x00000000d60fff48,0x00000000d6100000)
  to   space 1536K, 0% used [0x00000000d6180000,0x00000000d6180000,0x00000000d6300000)
 ParOldGen       total 68608K, used 59908K [0x0000000080000000, 0x0000000084300000, 0x00000000d5580000)
  object space 68608K, 87% used [0x0000000080000000,0x0000000083a810a0,0x0000000084300000)
 Metaspace       used 63959K, committed 65088K, reserved 1114112K
  class space    used 7860K, committed 8320K, reserved 1048576K
}
Event: 22997.074 GC heap after
{Heap after GC invocations=87 (full 3):
 PSYoungGen      total 11264K, used 192K [0x00000000d5580000, 0x00000000d6200000, 0x0000000100000000)
  eden space 10752K, 0% used [0x00000000d5580000,0x00000000d5580000,0x00000000d6000000)
  from space 512K, 37% used [0x00000000d6180000,0x00000000d61b0000,0x00000000d6200000)
  to   space 1024K, 0% used [0x00000000d6000000,0x00000000d6000000,0x00000000d6100000)
 ParOldGen       total 68608K, used 59956K [0x0000000080000000, 0x0000000084300000, 0x00000000d5580000)
  object space 68608K, 87% used [0x0000000080000000,0x0000000083a8d0a0,0x0000000084300000)
 Metaspace       used 63959K, committed 65088K, reserved 1114112K
  class space    used 7860K, committed 8320K, reserved 1048576K
}
Event: 22997.296 GC heap before
{Heap before GC invocations=88 (full 3):
 PSYoungGen      total 11264K, used 10944K [0x00000000d5580000, 0x00000000d6200000, 0x0000000100000000)
  eden space 10752K, 100% used [0x00000000d5580000,0x00000000d6000000,0x00000000d6000000)
  from space 512K, 37% used [0x00000000d6180000,0x00000000d61b0000,0x00000000d6200000)
  to   space 1024K, 0% used [0x00000000d6000000,0x00000000d6000000,0x00000000d6100000)
 ParOldGen       total 68608K, used 59956K [0x0000000080000000, 0x0000000084300000, 0x00000000d5580000)
  object space 68608K, 87% used [0x0000000080000000,0x0000000083a8d0a0,0x0000000084300000)
 Metaspace       used 63959K, committed 65088K, reserved 1114112K
  class space    used 7860K, committed 8320K, reserved 1048576K
}
Event: 22997.299 GC heap after
{Heap after GC invocations=88 (full 3):
 PSYoungGen      total 11776K, used 812K [0x00000000d5580000, 0x00000000d6200000, 0x0000000100000000)
  eden space 10752K, 0% used [0x00000000d5580000,0x00000000d5580000,0x00000000d6000000)
  from space 1024K, 79% used [0x00000000d6000000,0x00000000d60cb1a0,0x00000000d6100000)
  to   space 1024K, 0% used [0x00000000d6100000,0x00000000d6100000,0x00000000d6200000)
 ParOldGen       total 68608K, used 60020K [0x0000000080000000, 0x0000000084300000, 0x00000000d5580000)
  object space 68608K, 87% used [0x0000000080000000,0x0000000083a9d0b0,0x0000000084300000)
 Metaspace       used 63959K, committed 65088K, reserved 1114112K
  class space    used 7860K, committed 8320K, reserved 1048576K
}
Event: 22997.550 GC heap before
{Heap before GC invocations=89 (full 3):
 PSYoungGen      total 11776K, used 11564K [0x00000000d5580000, 0x00000000d6200000, 0x0000000100000000)
  eden space 10752K, 100% used [0x00000000d5580000,0x00000000d6000000,0x00000000d6000000)
  from space 1024K, 79% used [0x00000000d6000000,0x00000000d60cb1a0,0x00000000d6100000)
  to   space 1024K, 0% used [0x00000000d6100000,0x00000000d6100000,0x00000000d6200000)
 ParOldGen       total 68608K, used 60020K [0x0000000080000000, 0x0000000084300000, 0x00000000d5580000)
  object space 68608K, 87% used [0x0000000080000000,0x0000000083a9d0b0,0x0000000084300000)
 Metaspace       used 63959K, committed 65088K, reserved 1114112K
  class space    used 7860K, committed 8320K, reserved 1048576K
}
Event: 22997.552 GC heap after
{Heap after GC invocations=89 (full 3):
 PSYoungGen      total 11264K, used 160K [0x00000000d5580000, 0x00000000d6180000, 0x0000000100000000)
  eden space 10752K, 0% used [0x00000000d5580000,0x00000000d5580000,0x00000000d6000000)
  from space 512K, 31% used [0x00000000d6100000,0x00000000d6128000,0x00000000d6180000)
  to   space 512K, 0% used [0x00000000d6080000,0x00000000d6080000,0x00000000d6100000)
 ParOldGen       total 68608K, used 60566K [0x0000000080000000, 0x0000000084300000, 0x00000000d5580000)
  object space 68608K, 88% used [0x0000000080000000,0x0000000083b259a8,0x0000000084300000)
 Metaspace       used 63959K, committed 65088K, reserved 1114112K
  class space    used 7860K, committed 8320K, reserved 1048576K
}
Event: 22999.570 GC heap before
{Heap before GC invocations=90 (full 3):
 PSYoungGen      total 11264K, used 10912K [0x00000000d5580000, 0x00000000d6180000, 0x0000000100000000)
  eden space 10752K, 100% used [0x00000000d5580000,0x00000000d6000000,0x00000000d6000000)
  from space 512K, 31% used [0x00000000d6100000,0x00000000d6128000,0x00000000d6180000)
  to   space 512K, 0% used [0x00000000d6080000,0x00000000d6080000,0x00000000d6100000)
 ParOldGen       total 68608K, used 60566K [0x0000000080000000, 0x0000000084300000, 0x00000000d5580000)
  object space 68608K, 88% used [0x0000000080000000,0x0000000083b259a8,0x0000000084300000)
 Metaspace       used 65053K, committed 66176K, reserved 1114112K
  class space    used 8017K, committed 8448K, reserved 1048576K
}
Event: 22999.573 GC heap after
{Heap after GC invocations=90 (full 3):
 PSYoungGen      total 11264K, used 480K [0x00000000d5580000, 0x00000000d6200000, 0x0000000100000000)
  eden space 10752K, 0% used [0x00000000d5580000,0x00000000d5580000,0x00000000d6000000)
  from space 512K, 93% used [0x00000000d6080000,0x00000000d60f8000,0x00000000d6100000)
  to   space 1024K, 0% used [0x00000000d6100000,0x00000000d6100000,0x00000000d6200000)
 ParOldGen       total 68608K, used 60630K [0x0000000080000000, 0x0000000084300000, 0x00000000d5580000)
  object space 68608K, 88% used [0x0000000080000000,0x0000000083b359b8,0x0000000084300000)
 Metaspace       used 65053K, committed 66176K, reserved 1114112K
  class space    used 8017K, committed 8448K, reserved 1048576K
}
Event: 23000.105 GC heap before
{Heap before GC invocations=91 (full 3):
 PSYoungGen      total 11264K, used 11232K [0x00000000d5580000, 0x00000000d6200000, 0x0000000100000000)
  eden space 10752K, 100% used [0x00000000d5580000,0x00000000d6000000,0x00000000d6000000)
  from space 512K, 93% used [0x00000000d6080000,0x00000000d60f8000,0x00000000d6100000)
  to   space 1024K, 0% used [0x00000000d6100000,0x00000000d6100000,0x00000000d6200000)
 ParOldGen       total 68608K, used 60630K [0x0000000080000000, 0x0000000084300000, 0x00000000d5580000)
  object space 68608K, 88% used [0x0000000080000000,0x0000000083b359b8,0x0000000084300000)
 Metaspace       used 66018K, committed 67264K, reserved 1114112K
  class space    used 8196K, committed 8704K, reserved 1048576K
}
Event: 23000.108 GC heap after
{Heap after GC invocations=91 (full 3):
 PSYoungGen      total 11264K, used 480K [0x00000000d5580000, 0x00000000d6180000, 0x0000000100000000)
  eden space 10752K, 0% used [0x00000000d5580000,0x00000000d5580000,0x00000000d6000000)
  from space 512K, 93% used [0x00000000d6100000,0x00000000d6178000,0x00000000d6180000)
  to   space 512K, 0% used [0x00000000d6080000,0x00000000d6080000,0x00000000d6100000)
 ParOldGen       total 68608K, used 61013K [0x0000000080000000, 0x0000000084300000, 0x00000000d5580000)
  object space 68608K, 88% used [0x0000000080000000,0x0000000083b956c8,0x0000000084300000)
 Metaspace       used 66018K, committed 67264K, reserved 1114112K
  class space    used 8196K, committed 8704K, reserved 1048576K
}
Event: 23014.005 GC heap before
{Heap before GC invocations=92 (full 3):
 PSYoungGen      total 11264K, used 11232K [0x00000000d5580000, 0x00000000d6180000, 0x0000000100000000)
  eden space 10752K, 100% used [0x00000000d5580000,0x00000000d6000000,0x00000000d6000000)
  from space 512K, 93% used [0x00000000d6100000,0x00000000d6178000,0x00000000d6180000)
  to   space 512K, 0% used [0x00000000d6080000,0x00000000d6080000,0x00000000d6100000)
 ParOldGen       total 68608K, used 61013K [0x0000000080000000, 0x0000000084300000, 0x00000000d5580000)
  object space 68608K, 88% used [0x0000000080000000,0x0000000083b956c8,0x0000000084300000)
 Metaspace       used 67044K, committed 68288K, reserved 1114112K
  class space    used 8346K, committed 8832K, reserved 1048576K
}
Event: 23014.022 GC heap after
{Heap after GC invocations=92 (full 3):
 PSYoungGen      total 11264K, used 512K [0x00000000d5580000, 0x00000000d6700000, 0x0000000100000000)
  eden space 10752K, 0% used [0x00000000d5580000,0x00000000d5580000,0x00000000d6000000)
  from space 512K, 100% used [0x00000000d6080000,0x00000000d6100000,0x00000000d6100000)
  to   space 3584K, 0% used [0x00000000d6380000,0x00000000d6380000,0x00000000d6700000)
 ParOldGen       total 68608K, used 63205K [0x0000000080000000, 0x0000000084300000, 0x00000000d5580000)
  object space 68608K, 92% used [0x0000000080000000,0x0000000083db96c8,0x0000000084300000)
 Metaspace       used 67044K, committed 68288K, reserved 1114112K
  class space    used 8346K, committed 8832K, reserved 1048576K
}
Event: 23014.572 GC heap before
{Heap before GC invocations=93 (full 3):
 PSYoungGen      total 11264K, used 11264K [0x00000000d5580000, 0x00000000d6700000, 0x0000000100000000)
  eden space 10752K, 100% used [0x00000000d5580000,0x00000000d6000000,0x00000000d6000000)
  from space 512K, 100% used [0x00000000d6080000,0x00000000d6100000,0x00000000d6100000)
  to   space 3584K, 0% used [0x00000000d6380000,0x00000000d6380000,0x00000000d6700000)
 ParOldGen       total 68608K, used 63205K [0x0000000080000000, 0x0000000084300000, 0x00000000d5580000)
  object space 68608K, 92% used [0x0000000080000000,0x0000000083db96c8,0x0000000084300000)
 Metaspace       used 67049K, committed 68288K, reserved 1114112K
  class space    used 8346K, committed 8832K, reserved 1048576K
}
Event: 23014.580 GC heap after
{Heap after GC invocations=93 (full 3):
 PSYoungGen      total 12288K, used 3580K [0x00000000d5580000, 0x00000000d6b00000, 0x0000000100000000)
  eden space 8704K, 0% used [0x00000000d5580000,0x00000000d5580000,0x00000000d5e00000)
  from space 3584K, 99% used [0x00000000d6380000,0x00000000d66ff210,0x00000000d6700000)
  to   space 5632K, 0% used [0x00000000d5e00000,0x00000000d5e00000,0x00000000d6380000)
 ParOldGen       total 68608K, used 64589K [0x0000000080000000, 0x0000000084300000, 0x00000000d5580000)
  object space 68608K, 94% used [0x0000000080000000,0x0000000083f136e8,0x0000000084300000)
 Metaspace       used 67049K, committed 68288K, reserved 1114112K
  class space    used 8346K, committed 8832K, reserved 1048576K
}

