# JRE version: OpenJDK Runtime Environment Temurin-21.0.9+10 (21.0.9+10) (build 21.0.9+10-LTS)
# Java VM: OpenJDK 64-Bit Server VM Temurin-21.0.9+10 (21.0.9+10-LTS, mixed mode, sharing, tiered, compressed oops, compressed class ptrs, parallel gc, windows-amd64)
GC Precious Log:
 CardTable entry size: 512
 CPUs: 8 total, 8 available
 Memory: 7044M
 Large Page Support: Disabled
 NUMA Support: Disabled
 Compressed Oops: Enabled (32-bit)
 Alignments: Space 512K, Generation 512K, Heap 2M
 Heap Min Capacity: 100M
 Heap Initial Capacity: 100M
 Heap Max Capacity: 2G
 Pre-touch: Disabled
 Parallel Workers: 8
Heap:
 PSYoungGen      total 12288K, used 5629K [0x00000000d5580000, 0x00000000d6280000, 0x0000000100000000)
  eden space 11264K, 49% used [0x00000000d5580000,0x00000000d5aff5c8,0x00000000d6080000)
  from space 1024K, 0% used [0x00000000d6100000,0x00000000d6100000,0x00000000d6200000)
  to   space 512K, 0% used [0x00000000d6200000,0x00000000d6200000,0x00000000d6280000)
 ParOldGen       total 68608K, used 49531K [0x0000000080000000, 0x0000000084300000, 0x00000000d5580000)
  object space 68608K, 72% used [0x0000000080000000,0x000000008305ee00,0x0000000084300000)
 Metaspace       used 58629K, committed 59968K, reserved 1114112K
  class space    used 6841K, committed 7488K, reserved 1048576K
GC Heap History (20 events):
Event: 57.601 GC heap before
{Heap before GC invocations=37 (full 2):
 PSYoungGen      total 13824K, used 13809K [0x00000000d5580000, 0x00000000d6880000, 0x0000000100000000)
  eden space 12288K, 100% used [0x00000000d5580000,0x00000000d6180000,0x00000000d6180000)
  from space 1536K, 99% used [0x00000000d6580000,0x00000000d66fc410,0x00000000d6700000)
  to   space 3584K, 0% used [0x00000000d6180000,0x00000000d6180000,0x00000000d6500000)
 ParOldGen       total 68608K, used 45662K [0x0000000080000000, 0x0000000084300000, 0x00000000d5580000)
  object space 68608K, 66% used [0x0000000080000000,0x0000000082c97a40,0x0000000084300000)
 Metaspace       used 57110K, committed 58432K, reserved 1114112K
  class space    used 6737K, committed 7296K, reserved 1048576K
}
Event: 57.604 GC heap after
{Heap after GC invocations=37 (full 2):
 PSYoungGen      total 13824K, used 1472K [0x00000000d5580000, 0x00000000d6600000, 0x0000000100000000)
  eden space 12288K, 0% used [0x00000000d5580000,0x00000000d5580000,0x00000000d6180000)
  from space 1536K, 95% used [0x00000000d6180000,0x00000000d62f0010,0x00000000d6300000)
  to   space 2048K, 0% used [0x00000000d6400000,0x00000000d6400000,0x00000000d6600000)
 ParOldGen       total 68608K, used 47114K [0x0000000080000000, 0x0000000084300000, 0x00000000d5580000)
  object space 68608K, 68% used [0x0000000080000000,0x0000000082e02b20,0x0000000084300000)
 Metaspace       used 57110K, committed 58432K, reserved 1114112K
  class space    used 6737K, committed 7296K, reserved 1048576K
}
Event: 57.664 GC heap before
{Heap before GC invocations=38 (full 2):
 PSYoungGen      total 13824K, used 13760K [0x00000000d5580000, 0x00000000d6600000, 0x0000000100000000)
  eden space 12288K, 100% used [0x00000000d5580000,0x00000000d6180000,0x00000000d6180000)
  from space 1536K, 95% used [0x00000000d6180000,0x00000000d62f0010,0x00000000d6300000)
  to   space 2048K, 0% used [0x00000000d6400000,0x00000000d6400000,0x00000000d6600000)
 ParOldGen       total 68608K, used 47114K [0x0000000080000000, 0x0000000084300000, 0x00000000d5580000)
  object space 68608K, 68% used [0x0000000080000000,0x0000000082e02b20,0x0000000084300000)
 Metaspace       used 57116K, committed 58432K, reserved 1114112K
  class space    used 6737K, committed 7296K, reserved 1048576K
}
Event: 57.667 GC heap after
{Heap after GC invocations=38 (full 2):
 PSYoungGen      total 14336K, used 1666K [0x00000000d5580000, 0x00000000d6600000, 0x0000000100000000)
  eden space 12288K, 0% used [0x00000000d5580000,0x00000000d5580000,0x00000000d6180000)
  from space 2048K, 81% used [0x00000000d6400000,0x00000000d65a0800,0x00000000d6600000)
  to   space 2048K, 0% used [0x00000000d6200000,0x00000000d6200000,0x00000000d6400000)
 ParOldGen       total 68608K, used 48514K [0x0000000080000000, 0x0000000084300000, 0x00000000d5580000)
  object space 68608K, 70% used [0x0000000080000000,0x0000000082f60b30,0x0000000084300000)
 Metaspace       used 57116K, committed 58432K, reserved 1114112K
  class space    used 6737K, committed 7296K, reserved 1048576K
}
Event: 57.714 GC heap before
{Heap before GC invocations=39 (full 2):
 PSYoungGen      total 14336K, used 13954K [0x00000000d5580000, 0x00000000d6600000, 0x0000000100000000)
  eden space 12288K, 100% used [0x00000000d5580000,0x00000000d6180000,0x00000000d6180000)
  from space 2048K, 81% used [0x00000000d6400000,0x00000000d65a0800,0x00000000d6600000)
  to   space 2048K, 0% used [0x00000000d6200000,0x00000000d6200000,0x00000000d6400000)
 ParOldGen       total 68608K, used 48514K [0x0000000080000000, 0x0000000084300000, 0x00000000d5580000)
  object space 68608K, 70% used [0x0000000080000000,0x0000000082f60b30,0x0000000084300000)
 Metaspace       used 57127K, committed 58432K, reserved 1114112K
  class space    used 6737K, committed 7296K, reserved 1048576K
}
Event: 57.717 GC heap after
{Heap after GC invocations=39 (full 2):
 PSYoungGen      total 13824K, used 1444K [0x00000000d5580000, 0x00000000d6480000, 0x0000000100000000)
  eden space 12288K, 0% used [0x00000000d5580000,0x00000000d5580000,0x00000000d6180000)
  from space 1536K, 94% used [0x00000000d6200000,0x00000000d6369000,0x00000000d6380000)
  to   space 1024K, 0% used [0x00000000d6380000,0x00000000d6380000,0x00000000d6480000)
 ParOldGen       total 68608K, used 49953K [0x0000000080000000, 0x0000000084300000, 0x00000000d5580000)
  object space 68608K, 72% used [0x0000000080000000,0x00000000830c84e0,0x0000000084300000)
 Metaspace       used 57127K, committed 58432K, reserved 1114112K
  class space    used 6737K, committed 7296K, reserved 1048576K
}
Event: 57.757 GC heap before
{Heap before GC invocations=40 (full 2):
 PSYoungGen      total 13824K, used 13732K [0x00000000d5580000, 0x00000000d6480000, 0x0000000100000000)
  eden space 12288K, 100% used [0x00000000d5580000,0x00000000d6180000,0x00000000d6180000)
  from space 1536K, 94% used [0x00000000d6200000,0x00000000d6369000,0x00000000d6380000)
  to   space 1024K, 0% used [0x00000000d6380000,0x00000000d6380000,0x00000000d6480000)
 ParOldGen       total 68608K, used 49953K [0x0000000080000000, 0x0000000084300000, 0x00000000d5580000)
  object space 68608K, 72% used [0x0000000080000000,0x00000000830c84e0,0x0000000084300000)
 Metaspace       used 57129K, committed 58432K, reserved 1114112K
  class space    used 6737K, committed 7296K, reserved 1048576K
}
Event: 57.761 GC heap after
{Heap after GC invocations=40 (full 2):
 PSYoungGen      total 12288K, used 1024K [0x00000000d5580000, 0x00000000d6780000, 0x0000000100000000)
  eden space 11264K, 0% used [0x00000000d5580000,0x00000000d5580000,0x00000000d6080000)
  from space 1024K, 100% used [0x00000000d6380000,0x00000000d6480000,0x00000000d6480000)
  to   space 3072K, 0% used [0x00000000d6080000,0x00000000d6080000,0x00000000d6380000)
 ParOldGen       total 68608K, used 51470K [0x0000000080000000, 0x0000000084300000, 0x00000000d5580000)
  object space 68608K, 75% used [0x0000000080000000,0x0000000083243b08,0x0000000084300000)
 Metaspace       used 57129K, committed 58432K, reserved 1114112K
  class space    used 6737K, committed 7296K, reserved 1048576K
}
Event: 57.829 GC heap before
{Heap before GC invocations=41 (full 2):
 PSYoungGen      total 12288K, used 12288K [0x00000000d5580000, 0x00000000d6780000, 0x0000000100000000)
  eden space 11264K, 100% used [0x00000000d5580000,0x00000000d6080000,0x00000000d6080000)
  from space 1024K, 100% used [0x00000000d6380000,0x00000000d6480000,0x00000000d6480000)
  to   space 3072K, 0% used [0x00000000d6080000,0x00000000d6080000,0x00000000d6380000)
 ParOldGen       total 68608K, used 51470K [0x0000000080000000, 0x0000000084300000, 0x00000000d5580000)
  object space 68608K, 75% used [0x0000000080000000,0x0000000083243b08,0x0000000084300000)
 Metaspace       used 57150K, committed 58432K, reserved 1114112K
  class space    used 6738K, committed 7296K, reserved 1048576K
}
Event: 57.834 GC heap after
{Heap after GC invocations=41 (full 2):
 PSYoungGen      total 12800K, used 1504K [0x00000000d5580000, 0x00000000d6480000, 0x0000000100000000)
  eden space 11264K, 0% used [0x00000000d5580000,0x00000000d5580000,0x00000000d6080000)
  from space 1536K, 97% used [0x00000000d6080000,0x00000000d61f8010,0x00000000d6200000)
  to   space 2048K, 0% used [0x00000000d6280000,0x00000000d6280000,0x00000000d6480000)
 ParOldGen       total 68608K, used 52518K [0x0000000080000000, 0x0000000084300000, 0x00000000d5580000)
  object space 68608K, 76% used [0x0000000080000000,0x0000000083349b08,0x0000000084300000)
 Metaspace       used 57150K, committed 58432K, reserved 1114112K
  class space    used 6738K, committed 7296K, reserved 1048576K
}
Event: 57.910 GC heap before
{Heap before GC invocations=42 (full 2):
 PSYoungGen      total 12800K, used 12768K [0x00000000d5580000, 0x00000000d6480000, 0x0000000100000000)
  eden space 11264K, 100% used [0x00000000d5580000,0x00000000d6080000,0x00000000d6080000)
  from space 1536K, 97% used [0x00000000d6080000,0x00000000d61f8010,0x00000000d6200000)
  to   space 2048K, 0% used [0x00000000d6280000,0x00000000d6280000,0x00000000d6480000)
 ParOldGen       total 68608K, used 52518K [0x0000000080000000, 0x0000000084300000, 0x00000000d5580000)
  object space 68608K, 76% used [0x0000000080000000,0x0000000083349b08,0x0000000084300000)
 Metaspace       used 57166K, committed 58432K, reserved 1114112K
  class space    used 6738K, committed 7296K, reserved 1048576K
}
Event: 57.915 GC heap after
{Heap after GC invocations=42 (full 2):
 PSYoungGen      total 12800K, used 1216K [0x00000000d5580000, 0x00000000d6400000, 0x0000000100000000)
  eden space 11264K, 0% used [0x00000000d5580000,0x00000000d5580000,0x00000000d6080000)
  from space 1536K, 79% used [0x00000000d6280000,0x00000000d63b0000,0x00000000d6400000)
  to   space 1536K, 0% used [0x00000000d6080000,0x00000000d6080000,0x00000000d6200000)
 ParOldGen       total 68608K, used 53902K [0x0000000080000000, 0x0000000084300000, 0x00000000d5580000)
  object space 68608K, 78% used [0x0000000080000000,0x00000000834a3b18,0x0000000084300000)
 Metaspace       used 57166K, committed 58432K, reserved 1114112K
  class space    used 6738K, committed 7296K, reserved 1048576K
}
Event: 57.980 GC heap before
{Heap before GC invocations=43 (full 2):
 PSYoungGen      total 12800K, used 12480K [0x00000000d5580000, 0x00000000d6400000, 0x0000000100000000)
  eden space 11264K, 100% used [0x00000000d5580000,0x00000000d6080000,0x00000000d6080000)
  from space 1536K, 79% used [0x00000000d6280000,0x00000000d63b0000,0x00000000d6400000)
  to   space 1536K, 0% used [0x00000000d6080000,0x00000000d6080000,0x00000000d6200000)
 ParOldGen       total 68608K, used 53902K [0x0000000080000000, 0x0000000084300000, 0x00000000d5580000)
  object space 68608K, 78% used [0x0000000080000000,0x00000000834a3b18,0x0000000084300000)
 Metaspace       used 57177K, committed 58496K, reserved 1114112K
  class space    used 6738K, committed 7296K, reserved 1048576K
}
Event: 57.983 GC heap after
{Heap after GC invocations=43 (full 2):
 PSYoungGen      total 12800K, used 1304K [0x00000000d5580000, 0x00000000d6380000, 0x0000000100000000)
  eden space 11264K, 0% used [0x00000000d5580000,0x00000000d5580000,0x00000000d6080000)
  from space 1536K, 84% used [0x00000000d6080000,0x00000000d61c6200,0x00000000d6200000)
  to   space 1536K, 0% used [0x00000000d6200000,0x00000000d6200000,0x00000000d6380000)
 ParOldGen       total 68608K, used 54982K [0x0000000080000000, 0x0000000084300000, 0x00000000d5580000)
  object space 68608K, 80% used [0x0000000080000000,0x00000000835b1b18,0x0000000084300000)
 Metaspace       used 57177K, committed 58496K, reserved 1114112K
  class space    used 6738K, committed 7296K, reserved 1048576K
}
Event: 419.117 GC heap before
{Heap before GC invocations=44 (full 2):
 PSYoungGen      total 12800K, used 12568K [0x00000000d5580000, 0x00000000d6380000, 0x0000000100000000)
  eden space 11264K, 100% used [0x00000000d5580000,0x00000000d6080000,0x00000000d6080000)
  from space 1536K, 84% used [0x00000000d6080000,0x00000000d61c6200,0x00000000d6200000)
  to   space 1536K, 0% used [0x00000000d6200000,0x00000000d6200000,0x00000000d6380000)
 ParOldGen       total 68608K, used 54982K [0x0000000080000000, 0x0000000084300000, 0x00000000d5580000)
  object space 68608K, 80% used [0x0000000080000000,0x00000000835b1b18,0x0000000084300000)
 Metaspace       used 57716K, committed 59136K, reserved 1114112K
  class space    used 6794K, committed 7424K, reserved 1048576K
}
Event: 419.180 GC heap after
{Heap after GC invocations=44 (full 2):
 PSYoungGen      total 12288K, used 800K [0x00000000d5580000, 0x00000000d6300000, 0x0000000100000000)
  eden space 11264K, 0% used [0x00000000d5580000,0x00000000d5580000,0x00000000d6080000)
  from space 1024K, 78% used [0x00000000d6200000,0x00000000d62c8040,0x00000000d6300000)
  to   space 1024K, 0% used [0x00000000d6100000,0x00000000d6100000,0x00000000d6200000)
 ParOldGen       total 68608K, used 56087K [0x0000000080000000, 0x0000000084300000, 0x00000000d5580000)
  object space 68608K, 81% used [0x0000000080000000,0x00000000836c5d18,0x0000000084300000)
 Metaspace       used 57716K, committed 59136K, reserved 1114112K
  class space    used 6794K, committed 7424K, reserved 1048576K
}
Event: 4589.594 GC heap before
{Heap before GC invocations=45 (full 2):
 PSYoungGen      total 12288K, used 5623K [0x00000000d5580000, 0x00000000d6300000, 0x0000000100000000)
  eden space 11264K, 42% used [0x00000000d5580000,0x00000000d5a35e88,0x00000000d6080000)
  from space 1024K, 78% used [0x00000000d6200000,0x00000000d62c8040,0x00000000d6300000)
  to   space 1024K, 0% used [0x00000000d6100000,0x00000000d6100000,0x00000000d6200000)
 ParOldGen       total 68608K, used 56087K [0x0000000080000000, 0x0000000084300000, 0x00000000d5580000)
  object space 68608K, 81% used [0x0000000080000000,0x00000000836c5d18,0x0000000084300000)
 Metaspace       used 58360K, committed 59776K, reserved 1114112K
  class space    used 6861K, committed 7488K, reserved 1048576K
}
Event: 4589.635 GC heap after
{Heap after GC invocations=45 (full 2):
 PSYoungGen      total 12288K, used 256K [0x00000000d5580000, 0x00000000d6280000, 0x0000000100000000)
  eden space 11264K, 0% used [0x00000000d5580000,0x00000000d5580000,0x00000000d6080000)
  from space 1024K, 25% used [0x00000000d6100000,0x00000000d6140000,0x00000000d6200000)
  to   space 512K, 0% used [0x00000000d6200000,0x00000000d6200000,0x00000000d6280000)
 ParOldGen       total 68608K, used 56700K [0x0000000080000000, 0x0000000084300000, 0x00000000d5580000)
  object space 68608K, 82% used [0x0000000080000000,0x000000008375f1d8,0x0000000084300000)
 Metaspace       used 58360K, committed 59776K, reserved 1114112K
  class space    used 6861K, committed 7488K, reserved 1048576K
}
Event: 4589.636 GC heap before
{Heap before GC invocations=46 (full 3):
 PSYoungGen      total 12288K, used 256K [0x00000000d5580000, 0x00000000d6280000, 0x0000000100000000)
  eden space 11264K, 0% used [0x00000000d5580000,0x00000000d5580000,0x00000000d6080000)
  from space 1024K, 25% used [0x00000000d6100000,0x00000000d6140000,0x00000000d6200000)
  to   space 512K, 0% used [0x00000000d6200000,0x00000000d6200000,0x00000000d6280000)
 ParOldGen       total 68608K, used 56700K [0x0000000080000000, 0x0000000084300000, 0x00000000d5580000)
  object space 68608K, 82% used [0x0000000080000000,0x000000008375f1d8,0x0000000084300000)
 Metaspace       used 58360K, committed 59776K, reserved 1114112K
  class space    used 6861K, committed 7488K, reserved 1048576K
}
Event: 4592.313 GC heap after
{Heap after GC invocations=46 (full 3):
 PSYoungGen      total 12288K, used 0K [0x00000000d5580000, 0x00000000d6280000, 0x0000000100000000)
  eden space 11264K, 0% used [0x00000000d5580000,0x00000000d5580000,0x00000000d6080000)
  from space 1024K, 0% used [0x00000000d6100000,0x00000000d6100000,0x00000000d6200000)
  to   space 512K, 0% used [0x00000000d6200000,0x00000000d6200000,0x00000000d6280000)
 ParOldGen       total 68608K, used 49531K [0x0000000080000000, 0x0000000084300000, 0x00000000d5580000)
  object space 68608K, 72% used [0x0000000080000000,0x000000008305ee00,0x0000000084300000)
 Metaspace       used 58001K, committed 59776K, reserved 1114112K
  class space    used 6764K, committed 7488K, reserved 1048576K
}

