# JRE version: OpenJDK Runtime Environment Temurin-21.0.9+10 (21.0.9+10) (build 21.0.9+10-LTS)
# Java VM: OpenJDK 64-Bit Server VM Temurin-21.0.9+10 (21.0.9+10-LTS, mixed mode, sharing, tiered, compressed oops, compressed class ptrs, parallel gc, windows-amd64)
GC Precious Log:
 CardTable entry size: 512
 CPUs: 8 total, 8 available
 Memory: 7044M
 Large Page Support: Disabled
 NUMA Support: Disabled
 Compressed Oops: Enabled (32-bit)
 Alignments: Space 512K, Generation 512K, Heap 2M
 Heap Min Capacity: 100M
 Heap Initial Capacity: 100M
 Heap Max Capacity: 2G
 Pre-touch: Disabled
 Parallel Workers: 8
Heap:
 PSYoungGen      total 23552K, used 2336K [0x00000000d5580000, 0x00000000d6e80000, 0x0000000100000000)
  eden space 21504K, 3% used [0x00000000d5580000,0x00000000d5636d48,0x00000000d6a80000)
  from space 2048K, 78% used [0x00000000d6b80000,0x00000000d6d112c8,0x00000000d6d80000)
  to   space 1024K, 0% used [0x00000000d6d80000,0x00000000d6d80000,0x00000000d6e80000)
 ParOldGen       total 68608K, used 49019K [0x0000000080000000, 0x0000000084300000, 0x00000000d5580000)
  object space 68608K, 71% used [0x0000000080000000,0x0000000082fdeed0,0x0000000084300000)
 Metaspace       used 60653K, committed 61888K, reserved 1114112K
  class space    used 7061K, committed 7616K, reserved 1048576K
GC Heap History (20 events):
Event: 91.959 GC heap before
{Heap before GC invocations=27 (full 2):
 PSYoungGen      total 23040K, used 23024K [0x00000000d5580000, 0x00000000d7180000, 0x0000000100000000)
  eden space 22016K, 99% used [0x00000000d5580000,0x00000000d6affff8,0x00000000d6b00000)
  from space 1024K, 98% used [0x00000000d7080000,0x00000000d717c010,0x00000000d7180000)
  to   space 2560K, 0% used [0x00000000d6c80000,0x00000000d6c80000,0x00000000d6f00000)
 ParOldGen       total 68608K, used 39803K [0x0000000080000000, 0x0000000084300000, 0x00000000d5580000)
  object space 68608K, 58% used [0x0000000080000000,0x00000000826dede8,0x0000000084300000)
 Metaspace       used 54794K, committed 56128K, reserved 1114112K
  class space    used 6480K, committed 7104K, reserved 1048576K
}
Event: 91.964 GC heap after
{Heap after GC invocations=27 (full 2):
 PSYoungGen      total 24576K, used 960K [0x00000000d5580000, 0x00000000d7100000, 0x0000000100000000)
  eden space 22016K, 0% used [0x00000000d5580000,0x00000000d5580000,0x00000000d6b00000)
  from space 2560K, 37% used [0x00000000d6c80000,0x00000000d6d70030,0x00000000d6f00000)
  to   space 1536K, 0% used [0x00000000d6f80000,0x00000000d6f80000,0x00000000d7100000)
 ParOldGen       total 68608K, used 40675K [0x0000000080000000, 0x0000000084300000, 0x00000000d5580000)
  object space 68608K, 59% used [0x0000000080000000,0x00000000827b8e18,0x0000000084300000)
 Metaspace       used 54794K, committed 56128K, reserved 1114112K
  class space    used 6480K, committed 7104K, reserved 1048576K
}
Event: 92.957 GC heap before
{Heap before GC invocations=28 (full 2):
 PSYoungGen      total 24576K, used 22976K [0x00000000d5580000, 0x00000000d7100000, 0x0000000100000000)
  eden space 22016K, 100% used [0x00000000d5580000,0x00000000d6b00000,0x00000000d6b00000)
  from space 2560K, 37% used [0x00000000d6c80000,0x00000000d6d70030,0x00000000d6f00000)
  to   space 1536K, 0% used [0x00000000d6f80000,0x00000000d6f80000,0x00000000d7100000)
 ParOldGen       total 68608K, used 40675K [0x0000000080000000, 0x0000000084300000, 0x00000000d5580000)
  object space 68608K, 59% used [0x0000000080000000,0x00000000827b8e18,0x0000000084300000)
 Metaspace       used 56578K, committed 57984K, reserved 1114112K
  class space    used 6665K, committed 7296K, reserved 1048576K
}
Event: 92.962 GC heap after
{Heap after GC invocations=28 (full 2):
 PSYoungGen      total 23552K, used 1240K [0x00000000d5580000, 0x00000000d7100000, 0x0000000100000000)
  eden space 22016K, 0% used [0x00000000d5580000,0x00000000d5580000,0x00000000d6b00000)
  from space 1536K, 80% used [0x00000000d6f80000,0x00000000d70b61c8,0x00000000d7100000)
  to   space 1536K, 0% used [0x00000000d6e00000,0x00000000d6e00000,0x00000000d6f80000)
 ParOldGen       total 68608K, used 41346K [0x0000000080000000, 0x0000000084300000, 0x00000000d5580000)
  object space 68608K, 60% used [0x0000000080000000,0x0000000082860b38,0x0000000084300000)
 Metaspace       used 56578K, committed 57984K, reserved 1114112K
  class space    used 6665K, committed 7296K, reserved 1048576K
}
Event: 93.301 GC heap before
{Heap before GC invocations=29 (full 2):
 PSYoungGen      total 23552K, used 23256K [0x00000000d5580000, 0x00000000d7100000, 0x0000000100000000)
  eden space 22016K, 100% used [0x00000000d5580000,0x00000000d6b00000,0x00000000d6b00000)
  from space 1536K, 80% used [0x00000000d6f80000,0x00000000d70b61c8,0x00000000d7100000)
  to   space 1536K, 0% used [0x00000000d6e00000,0x00000000d6e00000,0x00000000d6f80000)
 ParOldGen       total 68608K, used 41346K [0x0000000080000000, 0x0000000084300000, 0x00000000d5580000)
  object space 68608K, 60% used [0x0000000080000000,0x0000000082860b38,0x0000000084300000)
 Metaspace       used 56810K, committed 58176K, reserved 1114112K
  class space    used 6676K, committed 7296K, reserved 1048576K
}
Event: 93.307 GC heap after
{Heap after GC invocations=29 (full 2):
 PSYoungGen      total 23552K, used 1504K [0x00000000d5580000, 0x00000000d7300000, 0x0000000100000000)
  eden space 22016K, 0% used [0x00000000d5580000,0x00000000d5580000,0x00000000d6b00000)
  from space 1536K, 97% used [0x00000000d6e00000,0x00000000d6f78030,0x00000000d6f80000)
  to   space 3584K, 0% used [0x00000000d6f80000,0x00000000d6f80000,0x00000000d7300000)
 ParOldGen       total 68608K, used 43158K [0x0000000080000000, 0x0000000084300000, 0x00000000d5580000)
  object space 68608K, 62% used [0x0000000080000000,0x0000000082a25888,0x0000000084300000)
 Metaspace       used 56810K, committed 58176K, reserved 1114112K
  class space    used 6676K, committed 7296K, reserved 1048576K
}
Event: 93.954 GC heap before
{Heap before GC invocations=30 (full 2):
 PSYoungGen      total 23552K, used 23520K [0x00000000d5580000, 0x00000000d7300000, 0x0000000100000000)
  eden space 22016K, 100% used [0x00000000d5580000,0x00000000d6b00000,0x00000000d6b00000)
  from space 1536K, 97% used [0x00000000d6e00000,0x00000000d6f78030,0x00000000d6f80000)
  to   space 3584K, 0% used [0x00000000d6f80000,0x00000000d6f80000,0x00000000d7300000)
 ParOldGen       total 68608K, used 43158K [0x0000000080000000, 0x0000000084300000, 0x00000000d5580000)
  object space 68608K, 62% used [0x0000000080000000,0x0000000082a25888,0x0000000084300000)
 Metaspace       used 57213K, committed 58624K, reserved 1114112K
  class space    used 6734K, committed 7360K, reserved 1048576K
}
Event: 93.963 GC heap after
{Heap after GC invocations=30 (full 2):
 PSYoungGen      total 25088K, used 2641K [0x00000000d5580000, 0x00000000d7280000, 0x0000000100000000)
  eden space 22016K, 0% used [0x00000000d5580000,0x00000000d5580000,0x00000000d6b00000)
  from space 3072K, 85% used [0x00000000d6f80000,0x00000000d7214420,0x00000000d7280000)
  to   space 3072K, 0% used [0x00000000d6c80000,0x00000000d6c80000,0x00000000d6f80000)
 ParOldGen       total 68608K, used 44574K [0x0000000080000000, 0x0000000084300000, 0x00000000d5580000)
  object space 68608K, 64% used [0x0000000080000000,0x0000000082b878b8,0x0000000084300000)
 Metaspace       used 57213K, committed 58624K, reserved 1114112K
  class space    used 6734K, committed 7360K, reserved 1048576K
}
Event: 94.250 GC heap before
{Heap before GC invocations=31 (full 2):
 PSYoungGen      total 25088K, used 24657K [0x00000000d5580000, 0x00000000d7280000, 0x0000000100000000)
  eden space 22016K, 100% used [0x00000000d5580000,0x00000000d6b00000,0x00000000d6b00000)
  from space 3072K, 85% used [0x00000000d6f80000,0x00000000d7214420,0x00000000d7280000)
  to   space 3072K, 0% used [0x00000000d6c80000,0x00000000d6c80000,0x00000000d6f80000)
 ParOldGen       total 68608K, used 44574K [0x0000000080000000, 0x0000000084300000, 0x00000000d5580000)
  object space 68608K, 64% used [0x0000000080000000,0x0000000082b878b8,0x0000000084300000)
 Metaspace       used 57224K, committed 58624K, reserved 1114112K
  class space    used 6734K, committed 7360K, reserved 1048576K
}
Event: 94.261 GC heap after
{Heap after GC invocations=31 (full 2):
 PSYoungGen      total 25088K, used 2596K [0x00000000d5580000, 0x00000000d7100000, 0x0000000100000000)
  eden space 22016K, 0% used [0x00000000d5580000,0x00000000d5580000,0x00000000d6b00000)
  from space 3072K, 84% used [0x00000000d6c80000,0x00000000d6f09000,0x00000000d6f80000)
  to   space 1536K, 0% used [0x00000000d6f80000,0x00000000d6f80000,0x00000000d7100000)
 ParOldGen       total 68608K, used 46993K [0x0000000080000000, 0x0000000084300000, 0x00000000d5580000)
  object space 68608K, 68% used [0x0000000080000000,0x0000000082de45a8,0x0000000084300000)
 Metaspace       used 57224K, committed 58624K, reserved 1114112K
  class space    used 6734K, committed 7360K, reserved 1048576K
}
Event: 95.470 GC heap before
{Heap before GC invocations=32 (full 2):
 PSYoungGen      total 25088K, used 24612K [0x00000000d5580000, 0x00000000d7100000, 0x0000000100000000)
  eden space 22016K, 100% used [0x00000000d5580000,0x00000000d6b00000,0x00000000d6b00000)
  from space 3072K, 84% used [0x00000000d6c80000,0x00000000d6f09000,0x00000000d6f80000)
  to   space 1536K, 0% used [0x00000000d6f80000,0x00000000d6f80000,0x00000000d7100000)
 ParOldGen       total 68608K, used 46993K [0x0000000080000000, 0x0000000084300000, 0x00000000d5580000)
  object space 68608K, 68% used [0x0000000080000000,0x0000000082de45a8,0x0000000084300000)
 Metaspace       used 57238K, committed 58624K, reserved 1114112K
  class space    used 6735K, committed 7360K, reserved 1048576K
}
Event: 95.480 GC heap after
{Heap after GC invocations=32 (full 2):
 PSYoungGen      total 23040K, used 1536K [0x00000000d5580000, 0x00000000d7500000, 0x0000000100000000)
  eden space 21504K, 0% used [0x00000000d5580000,0x00000000d5580000,0x00000000d6a80000)
  from space 1536K, 100% used [0x00000000d6f80000,0x00000000d7100000,0x00000000d7100000)
  to   space 5120K, 0% used [0x00000000d6a80000,0x00000000d6a80000,0x00000000d6f80000)
 ParOldGen       total 68608K, used 49853K [0x0000000080000000, 0x0000000084300000, 0x00000000d5580000)
  object space 68608K, 72% used [0x0000000080000000,0x00000000830af580,0x0000000084300000)
 Metaspace       used 57238K, committed 58624K, reserved 1114112K
  class space    used 6735K, committed 7360K, reserved 1048576K
}
Event: 96.015 GC heap before
{Heap before GC invocations=33 (full 2):
 PSYoungGen      total 23040K, used 23040K [0x00000000d5580000, 0x00000000d7500000, 0x0000000100000000)
  eden space 21504K, 100% used [0x00000000d5580000,0x00000000d6a80000,0x00000000d6a80000)
  from space 1536K, 100% used [0x00000000d6f80000,0x00000000d7100000,0x00000000d7100000)
  to   space 5120K, 0% used [0x00000000d6a80000,0x00000000d6a80000,0x00000000d6f80000)
 ParOldGen       total 68608K, used 49853K [0x0000000080000000, 0x0000000084300000, 0x00000000d5580000)
  object space 68608K, 72% used [0x0000000080000000,0x00000000830af580,0x0000000084300000)
 Metaspace       used 57269K, committed 58624K, reserved 1114112K
  class space    used 6735K, committed 7360K, reserved 1048576K
}
Event: 96.026 GC heap after
{Heap after GC invocations=33 (full 2):
 PSYoungGen      total 24064K, used 2400K [0x00000000d5580000, 0x00000000d7180000, 0x0000000100000000)
  eden space 21504K, 0% used [0x00000000d5580000,0x00000000d5580000,0x00000000d6a80000)
  from space 2560K, 93% used [0x00000000d6a80000,0x00000000d6cd8010,0x00000000d6d00000)
  to   space 3584K, 0% used [0x00000000d6e00000,0x00000000d6e00000,0x00000000d7180000)
 ParOldGen       total 68608K, used 51429K [0x0000000080000000, 0x0000000084300000, 0x00000000d5580000)
  object space 68608K, 74% used [0x0000000080000000,0x0000000083239580,0x0000000084300000)
 Metaspace       used 57269K, committed 58624K, reserved 1114112K
  class space    used 6735K, committed 7360K, reserved 1048576K
}
Event: 5214.749 GC heap before
{Heap before GC invocations=34 (full 2):
 PSYoungGen      total 24064K, used 20627K [0x00000000d5580000, 0x00000000d7180000, 0x0000000100000000)
  eden space 21504K, 84% used [0x00000000d5580000,0x00000000d674cd58,0x00000000d6a80000)
  from space 2560K, 93% used [0x00000000d6a80000,0x00000000d6cd8010,0x00000000d6d00000)
  to   space 3584K, 0% used [0x00000000d6e00000,0x00000000d6e00000,0x00000000d7180000)
 ParOldGen       total 68608K, used 51429K [0x0000000080000000, 0x0000000084300000, 0x00000000d5580000)
  object space 68608K, 74% used [0x0000000080000000,0x0000000083239580,0x0000000084300000)
 Metaspace       used 58266K, committed 59776K, reserved 1114112K
  class space    used 6829K, committed 7488K, reserved 1048576K
}
Event: 5214.852 GC heap after
{Heap after GC invocations=34 (full 2):
 PSYoungGen      total 23040K, used 1344K [0x00000000d5580000, 0x00000000d6f80000, 0x0000000100000000)
  eden space 21504K, 0% used [0x00000000d5580000,0x00000000d5580000,0x00000000d6a80000)
  from space 1536K, 87% used [0x00000000d6e00000,0x00000000d6f50020,0x00000000d6f80000)
  to   space 2048K, 0% used [0x00000000d6b80000,0x00000000d6b80000,0x00000000d6d80000)
 ParOldGen       total 68608K, used 53717K [0x0000000080000000, 0x0000000084300000, 0x00000000d5580000)
  object space 68608K, 78% used [0x0000000080000000,0x0000000083475790,0x0000000084300000)
 Metaspace       used 58266K, committed 59776K, reserved 1114112K
  class space    used 6829K, committed 7488K, reserved 1048576K
}
Event: 5214.853 GC heap before
{Heap before GC invocations=35 (full 3):
 PSYoungGen      total 23040K, used 1344K [0x00000000d5580000, 0x00000000d6f80000, 0x0000000100000000)
  eden space 21504K, 0% used [0x00000000d5580000,0x00000000d5580000,0x00000000d6a80000)
  from space 1536K, 87% used [0x00000000d6e00000,0x00000000d6f50020,0x00000000d6f80000)
  to   space 2048K, 0% used [0x00000000d6b80000,0x00000000d6b80000,0x00000000d6d80000)
 ParOldGen       total 68608K, used 53717K [0x0000000080000000, 0x0000000084300000, 0x00000000d5580000)
  object space 68608K, 78% used [0x0000000080000000,0x0000000083475790,0x0000000084300000)
 Metaspace       used 58266K, committed 59776K, reserved 1114112K
  class space    used 6829K, committed 7488K, reserved 1048576K
}
Event: 5216.379 GC heap after
{Heap after GC invocations=35 (full 3):
 PSYoungGen      total 23040K, used 0K [0x00000000d5580000, 0x00000000d6f80000, 0x0000000100000000)
  eden space 21504K, 0% used [0x00000000d5580000,0x00000000d5580000,0x00000000d6a80000)
  from space 1536K, 0% used [0x00000000d6e00000,0x00000000d6e00000,0x00000000d6f80000)
  to   space 2048K, 0% used [0x00000000d6b80000,0x00000000d6b80000,0x00000000d6d80000)
 ParOldGen       total 68608K, used 49011K [0x0000000080000000, 0x0000000084300000, 0x00000000d5580000)
  object space 68608K, 71% used [0x0000000080000000,0x0000000082fdced0,0x0000000084300000)
 Metaspace       used 57906K, committed 59776K, reserved 1114112K
  class space    used 6731K, committed 7488K, reserved 1048576K
}
Event: 8112.497 GC heap before
{Heap before GC invocations=36 (full 3):
 PSYoungGen      total 23040K, used 21504K [0x00000000d5580000, 0x00000000d6f80000, 0x0000000100000000)
  eden space 21504K, 100% used [0x00000000d5580000,0x00000000d6a80000,0x00000000d6a80000)
  from space 1536K, 0% used [0x00000000d6e00000,0x00000000d6e00000,0x00000000d6f80000)
  to   space 2048K, 0% used [0x00000000d6b80000,0x00000000d6b80000,0x00000000d6d80000)
 ParOldGen       total 68608K, used 49011K [0x0000000080000000, 0x0000000084300000, 0x00000000d5580000)
  object space 68608K, 71% used [0x0000000080000000,0x0000000082fdced0,0x0000000084300000)
 Metaspace       used 60648K, committed 61888K, reserved 1114112K
  class space    used 7061K, committed 7616K, reserved 1048576K
}
Event: 8112.654 GC heap after
{Heap after GC invocations=36 (full 3):
 PSYoungGen      total 23552K, used 1604K [0x00000000d5580000, 0x00000000d6e80000, 0x0000000100000000)
  eden space 21504K, 0% used [0x00000000d5580000,0x00000000d5580000,0x00000000d6a80000)
  from space 2048K, 78% used [0x00000000d6b80000,0x00000000d6d112c8,0x00000000d6d80000)
  to   space 1024K, 0% used [0x00000000d6d80000,0x00000000d6d80000,0x00000000d6e80000)
 ParOldGen       total 68608K, used 49019K [0x0000000080000000, 0x0000000084300000, 0x00000000d5580000)
  object space 68608K, 71% used [0x0000000080000000,0x0000000082fdeed0,0x0000000084300000)
 Metaspace       used 60648K, committed 61888K, reserved 1114112K
  class space    used 7061K, committed 7616K, reserved 1048576K
}

